<?xml version="1.0" encoding="UTF-8"?>
<testng-results skipped="0" failed="0" total="1" passed="1">
  <reporter-output>
  </reporter-output>
  <suite name="Default suite" duration-ms="7175" started-at="2016-10-07T06:41:39Z" finished-at="2016-10-07T06:41:47Z">
    <groups>
    </groups>
    <test name="Default test" duration-ms="7175" started-at="2016-10-07T06:41:39Z" finished-at="2016-10-07T06:41:47Z">
      <class name="apps.DriverApp">
        <test-method status="PASS" signature="startTesting()[pri:0, instance:apps.DriverApp@73179714]" name="startTesting" is-config="true" duration-ms="8187" started-at="2016-10-07T12:11:31Z" finished-at="2016-10-07T12:11:39Z">
          <reporter-output>
          </reporter-output>
        </test-method> <!-- startTesting -->
        <test-method status="PASS" signature="testApp()[pri:0, instance:apps.DriverApp@73179714]" name="testApp" duration-ms="7130" started-at="2016-10-07T12:11:40Z" finished-at="2016-10-07T12:11:47Z">
          <reporter-output>
          </reporter-output>
        </test-method> <!-- testApp -->
        <test-method status="PASS" signature="endScript()[pri:0, instance:apps.DriverApp@73179714]" name="endScript" is-config="true" duration-ms="82" started-at="2016-10-07T12:11:47Z" finished-at="2016-10-07T12:11:47Z">
          <reporter-output>
          </reporter-output>
        </test-method> <!-- endScript -->
      </class> <!-- apps.DriverApp -->
    </test> <!-- Default test -->
  </suite> <!-- Default suite -->
</testng-results>
